<?xml version="1.0" encoding="UTF-8"?>
<testsuite xmlns:xsi="http://www.w3.org/2001/XMLSchema-instance" xsi:noNamespaceSchemaLocation="https://maven.apache.org/surefire/maven-surefire-plugin/xsd/surefire-test-report.xsd" name="br.com.manomultimarcas.LojaVirtualManosMultimarcasApplicationTests" time="10.199" tests="6" errors="1" skipped="0" failures="1">
  <properties>
[...]
</properties>
  <testcase name="testRestApiExcluirAcessoPorID" classname="br.com.manomultimarcas.LojaVirtualManosMultimarcasApplicationTests" time="0.587"/>
  <testcase name="testRestApiObterAcessoDescricao" classname="br.com.manomultimarcas.LojaVirtualManosMultimarcasApplicationTests" time="0.101">
    <failure message="expected:&lt;1&gt; but was:&lt;5&gt;" type="junit.framework.AssertionFailedError"><![CDATA[junit.framework.AssertionFailedError: expected:<1> but was:<5>
	at br.com.manomultimarcas.LojaVirtualManosMultimarcasApplicationTests.testRestApiObterAcessoDescricao(LojaVirtualManosMultimarcasApplicationTests.java:188)
]]></failure>
    <system-out><![CDATA[2022-04-10 00:57:07.675  INFO 28628 --- [           main] o.s.b.t.m.w.SpringBootMockServletContext : Initializing Spring TestDispatcherServlet ''
2022-04-10 00:57:07.675  INFO 28628 --- [           main] o.s.t.web.servlet.TestDispatcherServlet  : Initializing Servlet ''
2022-04-10 00:57:07.677  INFO 28628 --- [           main] o.s.t.web.servlet.TestDispatcherServlet  : Completed initialization in 1 ms
]]></system-out>
  </testcase>
  <testcase name="testRestApiExcluirAcesso" classname="br.com.manomultimarcas.LojaVirtualManosMultimarcasApplicationTests" time="0.053"/>
  <testcase name="testRestApiObterAcessoId" classname="br.com.manomultimarcas.LojaVirtualManosMultimarcasApplicationTests" time="0.021">
    <error message="Not enough variable values available to expand &apos;id&apos;" type="java.lang.IllegalArgumentException">java.lang.IllegalArgumentException: Not enough variable values available to expand 'id'
	at br.com.manomultimarcas.LojaVirtualManosMultimarcasApplicationTests.testRestApiObterAcessoId(LojaVirtualManosMultimarcasApplicationTests.java:147)
</error>
    <system-out><![CDATA[2022-04-10 00:57:07.832  INFO 28628 --- [           main] o.s.b.t.m.w.SpringBootMockServletContext : Initializing Spring TestDispatcherServlet ''
2022-04-10 00:57:07.832  INFO 28628 --- [           main] o.s.t.web.servlet.TestDispatcherServlet  : Initializing Servlet ''
2022-04-10 00:57:07.833  INFO 28628 --- [           main] o.s.t.web.servlet.TestDispatcherServlet  : Completed initialization in 1 ms
]]></system-out>
  </testcase>
  <testcase name="testRestApiCadastroAcesso" classname="br.com.manomultimarcas.LojaVirtualManosMultimarcasApplicationTests" time="0.029"/>
  <testcase name="testCadastroAcesso" classname="br.com.manomultimarcas.LojaVirtualManosMultimarcasApplicationTests" time="0.071"/>
</testsuite>